Oct 21, 2021 6:14:57 PM server.CampusServer <init>
INFO: Initializing Server ...
Oct 21, 2021 6:14:57 PM server.CampusServer <init>
INFO: Server: WST initialization success.
Oct 21, 2021 6:14:57 PM server.CampusServer <init>
INFO: Server: WST port is : 30300
Oct 21, 2021 6:15:04 PM udp.UDPClient send
INFO: Server Log: | UDPClient Log | Initializing UDP Request.
Oct 21, 2021 6:15:04 PM udp.UDPClient send
INFO: Server Log: | UDPClient Log | UDP Packet Sent.
Oct 21, 2021 6:15:07 PM udp.UDPClient send
INFO: Server Log: | UDPClient Log | UDP Reply Received.
Oct 21, 2021 6:15:07 PM udp.UDPClient send
INFO: Server Log: | UDPClient Log | UDP Request Completed. Connection Terminated.
Oct 21, 2021 6:15:48 PM udp.UDPClient send
INFO: Server Log: | UDPClient Log | Initializing UDP Request.
Oct 21, 2021 6:15:48 PM udp.UDPClient send
INFO: Server Log: | UDPClient Log | UDP Packet Sent.
Oct 21, 2021 6:15:50 PM udp.UDPClient send
INFO: Server Log: | UDPClient Log | UDP Reply Received.
Oct 21, 2021 6:15:50 PM udp.UDPClient send
INFO: Server Log: | UDPClient Log | UDP Request Completed. Connection Terminated.
